<?xml version="1.0" encoding="UTF-8"?>
<!-- Generated by org.testng.reporters.JUnitXMLReporter -->
<testsuite hostname="ZJEH-PC" ignored="0" name="Test" tests="3" failures="0" timestamp="16 一月 2018 09:25:45 GMT" time="1.619" errors="0">
  <testcase name="loginCRM" time="0.301" classname="com.test.TestLogin"/>
  <testcase name="userManage" time="0.747" classname="com.test.TestUserManagement"/>
  <testcase name="assignRole" time="0.534" classname="com.test.TestAssignRole"/>
</testsuite> <!-- Test -->
